{
  "0 debug pnpm:scope": {
    "selected": 1,
    "workspacePrefix": "/Users/User/Sites/ets"
  },
  "1 error pnpm": {
    "errno": 1,
    "code": "ELIFECYCLE",
    "pkgid": "@ets/subgraph_ets@1.0.0",
    "stage": "prepare-local",
    "script": "node scripts/generate-yaml.js --deployment localhost",
    "pkgname": "@ets/subgraph_ets",
    "err": {
      "name": "pnpm",
      "message": "@ets/subgraph_ets@1.0.0 prepare-local: `node scripts/generate-yaml.js --deployment localhost`\nExit status 1",
      "code": "ELIFECYCLE",
      "stack": "pnpm: @ets/subgraph_ets@1.0.0 prepare-local: `node scripts/generate-yaml.js --deployment localhost`\nExit status 1\n    at EventEmitter.<anonymous> (/usr/local/Cellar/pnpm/7.1.3/libexec/lib/node_modules/pnpm/dist/pnpm.cjs:106904:20)\n    at EventEmitter.emit (node:events:527:28)\n    at ChildProcess.<anonymous> (/usr/local/Cellar/pnpm/7.1.3/libexec/lib/node_modules/pnpm/dist/pnpm.cjs:93473:18)\n    at ChildProcess.emit (node:events:527:28)\n    at maybeClose (node:internal/child_process:1092:16)\n    at Process.ChildProcess._handle.onexit (node:internal/child_process:302:5)"
    }
  },
  "2 warn pnpm:global": " Local package.json exists, but node_modules missing, did you mean to install?"
}